  JBS3.cpp
E:\Users\megal\source\repos\JBS3\v8\include\v8-platform.h(1235,17): warning C4244: 'return': conversion from 'double' to 'int64_t', possible loss of data
E:\Users\megal\source\repos\JBS3\JBS3.cpp(146,66): warning C4267: 'argument': conversion from 'size_t' to 'int', possible loss of data
E:\Users\megal\source\repos\JBS3\JBS3.cpp(391,251): warning C4244: 'argument': conversion from 'T' to 'UINT', possible loss of data
          with
          [
              T=int64_t
          ]
E:\Users\megal\source\repos\JBS3\JBS3.cpp(662,96): warning C4244: 'argument': conversion from '__int64' to 'double', possible loss of data
E:\Users\megal\source\repos\JBS3\JBS3.cpp(672,92): warning C4244: 'argument': conversion from '__int64' to 'double', possible loss of data
E:\Users\megal\source\repos\JBS3\JBS3.cpp(702,78): warning C4244: 'argument': conversion from '__int64' to 'double', possible loss of data
E:\Users\megal\source\repos\JBS3\JBS3.cpp(721,103): warning C4267: 'argument': conversion from 'size_t' to 'int', possible loss of data
E:\Users\megal\source\repos\JBS3\JBS3.cpp(721,63): warning C4244: 'argument': conversion from 'T' to 'int', possible loss of data
          with
          [
              T=int64_t
          ]
E:\Users\megal\source\repos\JBS3\JBS3.cpp(721,43): warning C4244: 'argument': conversion from 'T' to 'int', possible loss of data
          with
          [
              T=int64_t
          ]
E:\Users\megal\source\repos\JBS3\JBS3.cpp(728,208): warning C4244: 'argument': conversion from 'T' to 'DWORD', possible loss of data
          with
          [
              T=int64_t
          ]
E:\Users\megal\source\repos\JBS3\JBS3.cpp(728,188): warning C4244: 'argument': conversion from 'T' to 'int', possible loss of data
          with
          [
              T=int64_t
          ]
E:\Users\megal\source\repos\JBS3\JBS3.cpp(728,168): warning C4244: 'argument': conversion from 'T' to 'int', possible loss of data
          with
          [
              T=int64_t
          ]
E:\Users\megal\source\repos\JBS3\JBS3.cpp(728,123): warning C4244: 'argument': conversion from 'T' to 'int', possible loss of data
          with
          [
              T=int64_t
          ]
E:\Users\megal\source\repos\JBS3\JBS3.cpp(728,103): warning C4244: 'argument': conversion from 'T' to 'int', possible loss of data
          with
          [
              T=int64_t
          ]
E:\Users\megal\source\repos\JBS3\JBS3.cpp(728,83): warning C4244: 'argument': conversion from 'T' to 'int', possible loss of data
          with
          [
              T=int64_t
          ]
E:\Users\megal\source\repos\JBS3\JBS3.cpp(728,63): warning C4244: 'argument': conversion from 'T' to 'int', possible loss of data
          with
          [
              T=int64_t
          ]
E:\Users\megal\source\repos\JBS3\JBS3.cpp(734,252): warning C4244: 'argument': conversion from 'T' to 'DWORD', possible loss of data
          with
          [
              T=int64_t
          ]
E:\Users\megal\source\repos\JBS3\JBS3.cpp(734,232): warning C4244: 'argument': conversion from 'T' to 'int', possible loss of data
          with
          [
              T=int64_t
          ]
E:\Users\megal\source\repos\JBS3\JBS3.cpp(734,212): warning C4244: 'argument': conversion from 'T' to 'int', possible loss of data
          with
          [
              T=int64_t
          ]
E:\Users\megal\source\repos\JBS3\JBS3.cpp(734,192): warning C4244: 'argument': conversion from 'T' to 'int', possible loss of data
          with
          [
              T=int64_t
          ]
E:\Users\megal\source\repos\JBS3\JBS3.cpp(734,172): warning C4244: 'argument': conversion from 'T' to 'int', possible loss of data
          with
          [
              T=int64_t
          ]
E:\Users\megal\source\repos\JBS3\JBS3.cpp(734,127): warning C4244: 'argument': conversion from 'T' to 'int', possible loss of data
          with
          [
              T=int64_t
          ]
E:\Users\megal\source\repos\JBS3\JBS3.cpp(734,107): warning C4244: 'argument': conversion from 'T' to 'int', possible loss of data
          with
          [
              T=int64_t
          ]
E:\Users\megal\source\repos\JBS3\JBS3.cpp(734,87): warning C4244: 'argument': conversion from 'T' to 'int', possible loss of data
          with
          [
              T=int64_t
          ]
E:\Users\megal\source\repos\JBS3\JBS3.cpp(734,67): warning C4244: 'argument': conversion from 'T' to 'int', possible loss of data
          with
          [
              T=int64_t
          ]
E:\Users\megal\source\repos\JBS3\JBS3.cpp(740,13): warning C4244: 'initializing': conversion from 'T' to 'int', possible loss of data
          with
          [
              T=int64_t
          ]
E:\Users\megal\source\repos\JBS3\JBS3.cpp(750,13): warning C4244: 'initializing': conversion from 'T' to 'int', possible loss of data
          with
          [
              T=int64_t
          ]
E:\Users\megal\source\repos\JBS3\JBS3.cpp(778,64): warning C4244: 'argument': conversion from 'T' to 'int', possible loss of data
          with
          [
              T=int64_t
          ]
E:\Users\megal\source\repos\JBS3\JBS3.cpp(778,44): warning C4244: 'argument': conversion from 'T' to 'int', possible loss of data
          with
          [
              T=int64_t
          ]
E:\Users\megal\source\repos\JBS3\JBS3.cpp(784,88): warning C4244: 'argument': conversion from 'T' to 'COLORREF', possible loss of data
          with
          [
              T=int64_t
          ]
E:\Users\megal\source\repos\JBS3\JBS3.cpp(791,87): warning C4244: 'argument': conversion from 'T' to 'int', possible loss of data
          with
          [
              T=int64_t
          ]
E:\Users\megal\source\repos\JBS3\JBS3.cpp(799,114): warning C4244: 'argument': conversion from 'T' to 'UINT', possible loss of data
          with
          [
              T=int64_t
          ]
E:\Users\megal\source\repos\JBS3\JBS3.cpp(808,75): warning C4244: 'argument': conversion from '__int64' to 'double', possible loss of data
E:\Users\megal\source\repos\JBS3\JBS3.cpp(815,113): warning C4244: 'argument': conversion from 'T' to 'COLORREF', possible loss of data
          with
          [
              T=int64_t
          ]
E:\Users\megal\source\repos\JBS3\JBS3.cpp(815,93): warning C4244: 'argument': conversion from 'T' to 'int', possible loss of data
          with
          [
              T=int64_t
          ]
E:\Users\megal\source\repos\JBS3\JBS3.cpp(815,73): warning C4244: 'argument': conversion from 'T' to 'int', possible loss of data
          with
          [
              T=int64_t
          ]
E:\Users\megal\source\repos\JBS3\JBS3.cpp(815,72): warning C4244: 'argument': conversion from '__int64' to 'double', possible loss of data
E:\Users\megal\source\repos\JBS3\JBS3.cpp(825,175): warning C4244: '=': conversion from 'T' to 'UINT', possible loss of data
          with
          [
              T=int64_t
          ]
E:\Users\megal\source\repos\JBS3\JBS3.cpp(826,175): warning C4244: '=': conversion from 'T' to 'COLORREF', possible loss of data
          with
          [
              T=int64_t
          ]
E:\Users\megal\source\repos\JBS3\JBS3.cpp(833,95): warning C4244: 'argument': conversion from 'T' to 'DWORD', possible loss of data
          with
          [
              T=int64_t
          ]
E:\Users\megal\source\repos\JBS3\JBS3.cpp(833,75): warning C4244: 'argument': conversion from 'T' to 'DWORD', possible loss of data
          with
          [
              T=int64_t
          ]
E:\Users\megal\source\repos\JBS3\JBS3.cpp(833,74): warning C4244: 'argument': conversion from 'LONG_PTR' to 'double', possible loss of data
E:\Users\megal\source\repos\JBS3\JBS3.cpp(861,74): warning C4244: 'argument': conversion from 'T' to 'COLORREF', possible loss of data
          with
          [
              T=int64_t
          ]
E:\Users\megal\source\repos\JBS3\JBS3.cpp(868,76): warning C4244: 'argument': conversion from 'T' to 'COLORREF', possible loss of data
          with
          [
              T=int64_t
          ]
E:\Users\megal\source\repos\JBS3\JBS3.cpp(875,79): warning C4244: 'argument': conversion from 'T' to 'COLORREF', possible loss of data
          with
          [
              T=int64_t
          ]
E:\Users\megal\source\repos\JBS3\JBS3.cpp(875,78): warning C4244: 'argument': conversion from 'LONG_PTR' to 'double', possible loss of data
E:\Users\megal\source\repos\JBS3\JBS3.cpp(885,85): warning C4244: 'argument': conversion from 'T' to 'int', possible loss of data
          with
          [
              T=int64_t
          ]
E:\Users\megal\source\repos\JBS3\JBS3.cpp(885,65): warning C4244: 'argument': conversion from 'T' to 'int', possible loss of data
          with
          [
              T=int64_t
          ]
E:\Users\megal\source\repos\JBS3\JBS3.cpp(892,83): warning C4244: 'argument': conversion from 'T' to 'int', possible loss of data
          with
          [
              T=int64_t
          ]
E:\Users\megal\source\repos\JBS3\JBS3.cpp(892,63): warning C4244: 'argument': conversion from 'T' to 'int', possible loss of data
          with
          [
              T=int64_t
          ]
E:\Users\megal\source\repos\JBS3\JBS3.cpp(899,126): warning C4244: 'argument': conversion from 'T' to 'int', possible loss of data
          with
          [
              T=int64_t
          ]
E:\Users\megal\source\repos\JBS3\JBS3.cpp(899,106): warning C4244: 'argument': conversion from 'T' to 'int', possible loss of data
          with
          [
              T=int64_t
          ]
E:\Users\megal\source\repos\JBS3\JBS3.cpp(899,86): warning C4244: 'argument': conversion from 'T' to 'int', possible loss of data
          with
          [
              T=int64_t
          ]
E:\Users\megal\source\repos\JBS3\JBS3.cpp(899,66): warning C4244: 'argument': conversion from 'T' to 'int', possible loss of data
          with
          [
              T=int64_t
          ]
E:\Users\megal\source\repos\JBS3\JBS3.cpp(906,77): warning C4244: 'argument': conversion from 'T' to 'int', possible loss of data
          with
          [
              T=int64_t
          ]
E:\Users\megal\source\repos\JBS3\JBS3.cpp(906,76): warning C4244: 'argument': conversion from 'LONG_PTR' to 'double', possible loss of data
E:\Users\megal\source\repos\JBS3\JBS3.cpp(918,72): warning C4244: 'argument': conversion from 'LONG_PTR' to 'double', possible loss of data
E:\Users\megal\source\repos\JBS3\JBS3.cpp(925,43): warning C4244: 'argument': conversion from 'T' to 'COLORREF', possible loss of data
          with
          [
              T=int64_t
          ]
E:\Users\megal\source\repos\JBS3\JBS3.cpp(932,316): warning C4244: 'argument': conversion from 'T' to 'DWORD', possible loss of data
          with
          [
              T=int64_t
          ]
E:\Users\megal\source\repos\JBS3\JBS3.cpp(932,295): warning C4244: 'argument': conversion from 'T' to 'DWORD', possible loss of data
          with
          [
              T=int64_t
          ]
E:\Users\megal\source\repos\JBS3\JBS3.cpp(932,274): warning C4244: 'argument': conversion from 'T' to 'DWORD', possible loss of data
          with
          [
              T=int64_t
          ]
E:\Users\megal\source\repos\JBS3\JBS3.cpp(932,254): warning C4244: 'argument': conversion from 'T' to 'DWORD', possible loss of data
          with
          [
              T=int64_t
          ]
E:\Users\megal\source\repos\JBS3\JBS3.cpp(932,234): warning C4244: 'argument': conversion from 'T' to 'DWORD', possible loss of data
          with
          [
              T=int64_t
          ]
E:\Users\megal\source\repos\JBS3\JBS3.cpp(932,214): warning C4244: 'argument': conversion from 'T' to 'DWORD', possible loss of data
          with
          [
              T=int64_t
          ]
E:\Users\megal\source\repos\JBS3\JBS3.cpp(932,194): warning C4244: 'argument': conversion from 'T' to 'DWORD', possible loss of data
          with
          [
              T=int64_t
          ]
E:\Users\megal\source\repos\JBS3\JBS3.cpp(932,174): warning C4244: 'argument': conversion from 'T' to 'DWORD', possible loss of data
          with
          [
              T=int64_t
          ]
E:\Users\megal\source\repos\JBS3\JBS3.cpp(932,154): warning C4244: 'argument': conversion from 'T' to 'int', possible loss of data
          with
          [
              T=int64_t
          ]
E:\Users\megal\source\repos\JBS3\JBS3.cpp(932,134): warning C4244: 'argument': conversion from 'T' to 'int', possible loss of data
          with
          [
              T=int64_t
          ]
E:\Users\megal\source\repos\JBS3\JBS3.cpp(932,114): warning C4244: 'argument': conversion from 'T' to 'int', possible loss of data
          with
          [
              T=int64_t
          ]
E:\Users\megal\source\repos\JBS3\JBS3.cpp(932,94): warning C4244: 'argument': conversion from 'T' to 'int', possible loss of data
          with
          [
              T=int64_t
          ]
E:\Users\megal\source\repos\JBS3\JBS3.cpp(932,74): warning C4244: 'argument': conversion from 'T' to 'int', possible loss of data
          with
          [
              T=int64_t
          ]
E:\Users\megal\source\repos\JBS3\JBS3.cpp(932,73): warning C4244: 'argument': conversion from 'LONG_PTR' to 'double', possible loss of data
E:\Users\megal\source\repos\JBS3\JBS3.cpp(939,94): warning C4244: 'argument': conversion from 'T' to 'int', possible loss of data
          with
          [
              T=int64_t
          ]
E:\Users\megal\source\repos\JBS3\JBS3.cpp(939,74): warning C4244: 'argument': conversion from 'T' to 'int', possible loss of data
          with
          [
              T=int64_t
          ]
E:\Users\megal\source\repos\JBS3\JBS3.cpp(939,73): warning C4244: 'argument': conversion from 'LONG_PTR' to 'double', possible loss of data
E:\Users\megal\source\repos\JBS3\JBS3.cpp(953,21): warning C4244: '=': conversion from 'T' to 'LONG', possible loss of data
          with
          [
              T=int64_t
          ]
E:\Users\megal\source\repos\JBS3\JBS3.cpp(954,20): warning C4244: '=': conversion from 'T' to 'LONG', possible loss of data
          with
          [
              T=int64_t
          ]
E:\Users\megal\source\repos\JBS3\JBS3.cpp(955,25): warning C4244: '=': conversion from 'T' to 'LONG', possible loss of data
          with
          [
              T=int64_t
          ]
E:\Users\megal\source\repos\JBS3\JBS3.cpp(956,26): warning C4244: '=': conversion from 'T' to 'LONG', possible loss of data
          with
          [
              T=int64_t
          ]
E:\Users\megal\source\repos\JBS3\JBS3.cpp(957,21): warning C4244: '=': conversion from 'T' to 'LONG', possible loss of data
          with
          [
              T=int64_t
          ]
E:\Users\megal\source\repos\JBS3\JBS3.cpp(958,21): warning C4244: '=': conversion from 'T' to 'BYTE', possible loss of data
          with
          [
              T=int64_t
          ]
E:\Users\megal\source\repos\JBS3\JBS3.cpp(959,24): warning C4244: '=': conversion from 'T' to 'BYTE', possible loss of data
          with
          [
              T=int64_t
          ]
E:\Users\megal\source\repos\JBS3\JBS3.cpp(960,24): warning C4244: '=': conversion from 'T' to 'BYTE', possible loss of data
          with
          [
              T=int64_t
          ]
E:\Users\megal\source\repos\JBS3\JBS3.cpp(961,22): warning C4244: '=': conversion from 'T' to 'BYTE', possible loss of data
          with
          [
              T=int64_t
          ]
E:\Users\megal\source\repos\JBS3\JBS3.cpp(962,27): warning C4244: '=': conversion from 'T' to 'BYTE', possible loss of data
          with
          [
              T=int64_t
          ]
E:\Users\megal\source\repos\JBS3\JBS3.cpp(963,28): warning C4244: '=': conversion from 'T' to 'BYTE', possible loss of data
          with
          [
              T=int64_t
          ]
E:\Users\megal\source\repos\JBS3\JBS3.cpp(964,22): warning C4244: '=': conversion from 'T' to 'BYTE', possible loss of data
          with
          [
              T=int64_t
          ]
E:\Users\megal\source\repos\JBS3\JBS3.cpp(965,29): warning C4244: '=': conversion from 'T' to 'BYTE', possible loss of data
          with
          [
              T=int64_t
          ]
E:\Users\megal\source\repos\JBS3\JBS3.cpp(970,80): warning C4244: 'argument': conversion from 'LONG_PTR' to 'double', possible loss of data
E:\Users\megal\source\repos\JBS3\JBS3.cpp(1045,16): warning C4244: 'initializing': conversion from 'T' to 'HRESULT', possible loss of data
          with
          [
              T=int64_t
          ]
E:\Users\megal\source\repos\JBS3\JBS3.cpp(1063,56): warning C4244: 'argument': conversion from 'T' to 'DWORD', possible loss of data
          with
          [
              T=int64_t
          ]
E:\Users\megal\source\repos\JBS3\JBS3.cpp(1063,36): warning C4244: 'argument': conversion from 'T' to 'DWORD', possible loss of data
          with
          [
              T=int64_t
          ]
E:\Users\megal\source\repos\JBS3\JBS3.cpp(1081,77): warning C4244: 'argument': conversion from 'LONG_PTR' to 'double', possible loss of data
E:\Users\megal\source\repos\JBS3\JBS3.cpp(1089,34): warning C4244: 'argument': conversion from 'double' to 'FLOAT', possible loss of data
E:\Users\megal\source\repos\JBS3\JBS3.cpp(1108,81): warning C4244: 'argument': conversion from 'LONG_PTR' to 'double', possible loss of data
E:\Users\megal\source\repos\JBS3\JBS3.cpp(1178,69): warning C4244: 'argument': conversion from 'T' to 'UINT32', possible loss of data
          with
          [
              T=int64_t
          ]
E:\Users\megal\source\repos\JBS3\JBS3.cpp(1178,49): warning C4244: 'argument': conversion from 'T' to 'UINT32', possible loss of data
          with
          [
              T=int64_t
          ]
E:\Users\megal\source\repos\JBS3\JBS3.cpp(1179,104): warning C4244: 'argument': conversion from 'T' to 'UINT32', possible loss of data
          with
          [
              T=int64_t
          ]
E:\Users\megal\source\repos\JBS3\JBS3.cpp(1179,84): warning C4244: 'argument': conversion from 'T' to 'UINT32', possible loss of data
          with
          [
              T=int64_t
          ]
E:\Users\megal\source\repos\JBS3\JBS3.cpp(1179,64): warning C4244: 'argument': conversion from 'T' to 'UINT32', possible loss of data
          with
          [
              T=int64_t
          ]
E:\Users\megal\source\repos\JBS3\JBS3.cpp(1179,44): warning C4244: 'argument': conversion from 'T' to 'UINT32', possible loss of data
          with
          [
              T=int64_t
          ]
E:\Users\megal\source\repos\JBS3\JBS3.cpp(1192,13): warning C4102: 'https': unreferenced label
E:\Users\megal\source\repos\JBS3\JBS3.cpp(1200,69): warning C4244: 'argument': conversion from 'T' to 'UINT32', possible loss of data
          with
          [
              T=int64_t
          ]
E:\Users\megal\source\repos\JBS3\JBS3.cpp(1200,49): warning C4244: 'argument': conversion from 'T' to 'UINT32', possible loss of data
          with
          [
              T=int64_t
          ]
E:\Users\megal\source\repos\JBS3\JBS3.cpp(1201,104): warning C4244: 'argument': conversion from 'T' to 'UINT32', possible loss of data
          with
          [
              T=int64_t
          ]
E:\Users\megal\source\repos\JBS3\JBS3.cpp(1201,84): warning C4244: 'argument': conversion from 'T' to 'UINT32', possible loss of data
          with
          [
              T=int64_t
          ]
E:\Users\megal\source\repos\JBS3\JBS3.cpp(1201,64): warning C4244: 'argument': conversion from 'T' to 'UINT32', possible loss of data
          with
          [
              T=int64_t
          ]
E:\Users\megal\source\repos\JBS3\JBS3.cpp(1201,44): warning C4244: 'argument': conversion from 'T' to 'UINT32', possible loss of data
          with
          [
              T=int64_t
          ]
E:\Users\megal\source\repos\JBS3\JBS3.cpp(1287,20): warning C4244: 'return': conversion from 'double' to 'float', possible loss of data
E:\Users\megal\source\repos\JBS3\JBS3.cpp(1290,20): warning C4244: 'return': conversion from 'double' to 'float', possible loss of data
E:\Users\megal\source\repos\JBS3\JBS3.cpp(1295,16): warning C4244: 'return': conversion from 'double' to 'float', possible loss of data
E:\Users\megal\source\repos\JBS3\JBS3.cpp(1382,80): warning C4244: 'argument': conversion from 'T' to 'int', possible loss of data
          with
          [
              T=int64_t
          ]
E:\Users\megal\source\repos\JBS3\JBS3.cpp(1384,79): warning C4244: 'argument': conversion from 'LONG_PTR' to 'double', possible loss of data
E:\Users\megal\source\repos\JBS3\JBS3.cpp(1385,81): warning C4244: 'argument': conversion from 'LONG_PTR' to 'double', possible loss of data
E:\Users\megal\source\repos\JBS3\JBS3.cpp(1406,117): warning C4244: 'argument': conversion from 'T' to 'UINT32', possible loss of data
          with
          [
              T=int64_t
          ]
E:\Users\megal\source\repos\JBS3\JBS3.cpp(1406,97): warning C4244: 'argument': conversion from 'T' to 'UINT32', possible loss of data
          with
          [
              T=int64_t
          ]
E:\Users\megal\source\repos\JBS3\JBS3.cpp(1412,31): warning C4838: conversion from 'T' to 'LONG' requires a narrowing conversion
          with
          [
              T=int64_t
          ]
E:\Users\megal\source\repos\JBS3\JBS3.cpp(1412,31): warning C4244: 'initializing': conversion from 'T' to 'LONG', possible loss of data
          with
          [
              T=int64_t
          ]
E:\Users\megal\source\repos\JBS3\JBS3.cpp(1412,51): warning C4838: conversion from 'T' to 'LONG' requires a narrowing conversion
          with
          [
              T=int64_t
          ]
E:\Users\megal\source\repos\JBS3\JBS3.cpp(1412,51): warning C4244: 'initializing': conversion from 'T' to 'LONG', possible loss of data
          with
          [
              T=int64_t
          ]
E:\Users\megal\source\repos\JBS3\JBS3.cpp(1426,138): warning C4244: 'argument': conversion from 'double' to 'FLOAT', possible loss of data
E:\Users\megal\source\repos\JBS3\JBS3.cpp(1426,103): warning C4244: 'argument': conversion from 'double' to 'FLOAT', possible loss of data
E:\Users\megal\source\repos\JBS3\JBS3.cpp(1426,85): warning C4244: 'argument': conversion from 'double' to 'FLOAT', possible loss of data
E:\Users\megal\source\repos\JBS3\JBS3.cpp(1426,67): warning C4244: 'argument': conversion from 'double' to 'FLOAT', possible loss of data
E:\Users\megal\source\repos\JBS3\JBS3.cpp(1434,120): warning C4244: 'argument': conversion from 'double' to 'FLOAT', possible loss of data
E:\Users\megal\source\repos\JBS3\JBS3.cpp(1434,85): warning C4244: 'argument': conversion from 'double' to 'FLOAT', possible loss of data
E:\Users\megal\source\repos\JBS3\JBS3.cpp(1434,67): warning C4244: 'argument': conversion from 'double' to 'FLOAT', possible loss of data
E:\Users\megal\source\repos\JBS3\JBS3.cpp(1434,49): warning C4244: 'argument': conversion from 'double' to 'FLOAT', possible loss of data
E:\Users\megal\source\repos\JBS3\JBS3.cpp(1472,31): warning C4244: '=': conversion from 'double' to 'float', possible loss of data
E:\Users\megal\source\repos\JBS3\JBS3.cpp(1480,112): warning C4244: 'argument': conversion from 'double' to 'FLOAT', possible loss of data
E:\Users\megal\source\repos\JBS3\JBS3.cpp(1480,94): warning C4244: 'argument': conversion from 'double' to 'FLOAT', possible loss of data
E:\Users\megal\source\repos\JBS3\JBS3.cpp(1480,76): warning C4244: 'argument': conversion from 'double' to 'FLOAT', possible loss of data
E:\Users\megal\source\repos\JBS3\JBS3.cpp(1480,58): warning C4244: 'argument': conversion from 'double' to 'FLOAT', possible loss of data
E:\Users\megal\source\repos\JBS3\JBS3.cpp(1488,31): warning C4244: '=': conversion from 'double' to 'float', possible loss of data
E:\Users\megal\source\repos\JBS3\JBS3.cpp(1495,68): warning C4244: 'argument': conversion from 'double' to 'FLOAT', possible loss of data
E:\Users\megal\source\repos\JBS3\JBS3.cpp(1495,50): warning C4244: 'argument': conversion from 'double' to 'FLOAT', possible loss of data
E:\Users\megal\source\repos\JBS3\JBS3.cpp(1496,68): warning C4244: 'argument': conversion from 'double' to 'FLOAT', possible loss of data
E:\Users\megal\source\repos\JBS3\JBS3.cpp(1496,50): warning C4244: 'argument': conversion from 'double' to 'FLOAT', possible loss of data
E:\Users\megal\source\repos\JBS3\JBS3.cpp(1498,106): warning C4244: 'argument': conversion from 'double' to 'float', possible loss of data
E:\Users\megal\source\repos\JBS3\JBS3.cpp(1506,112): warning C4244: 'argument': conversion from 'double' to 'FLOAT', possible loss of data
E:\Users\megal\source\repos\JBS3\JBS3.cpp(1506,94): warning C4244: 'argument': conversion from 'double' to 'FLOAT', possible loss of data
E:\Users\megal\source\repos\JBS3\JBS3.cpp(1506,76): warning C4244: 'argument': conversion from 'double' to 'FLOAT', possible loss of data
E:\Users\megal\source\repos\JBS3\JBS3.cpp(1506,58): warning C4244: 'argument': conversion from 'double' to 'FLOAT', possible loss of data
E:\Users\megal\source\repos\JBS3\JBS3.cpp(1512,68): warning C4244: 'argument': conversion from 'double' to 'FLOAT', possible loss of data
E:\Users\megal\source\repos\JBS3\JBS3.cpp(1512,50): warning C4244: 'argument': conversion from 'double' to 'FLOAT', possible loss of data
E:\Users\megal\source\repos\JBS3\JBS3.cpp(1513,68): warning C4244: 'argument': conversion from 'double' to 'FLOAT', possible loss of data
E:\Users\megal\source\repos\JBS3\JBS3.cpp(1513,50): warning C4244: 'argument': conversion from 'double' to 'FLOAT', possible loss of data
E:\Users\megal\source\repos\JBS3\JBS3.cpp(1515,106): warning C4244: 'argument': conversion from 'double' to 'float', possible loss of data
E:\Users\megal\source\repos\JBS3\JBS3.cpp(1524,31): warning C4244: '=': conversion from 'double' to 'float', possible loss of data
E:\Users\megal\source\repos\JBS3\JBS3.cpp(1530,68): warning C4244: 'argument': conversion from 'double' to 'FLOAT', possible loss of data
E:\Users\megal\source\repos\JBS3\JBS3.cpp(1530,50): warning C4244: 'argument': conversion from 'double' to 'FLOAT', possible loss of data
E:\Users\megal\source\repos\JBS3\JBS3.cpp(1531,70): warning C4244: 'argument': conversion from 'double' to 'FLOAT', possible loss of data
E:\Users\megal\source\repos\JBS3\JBS3.cpp(1531,52): warning C4244: 'argument': conversion from 'double' to 'FLOAT', possible loss of data
E:\Users\megal\source\repos\JBS3\JBS3.cpp(1536,106): warning C4244: 'argument': conversion from 'double' to 'float', possible loss of data
E:\Users\megal\source\repos\JBS3\JBS3.cpp(1545,31): warning C4244: '=': conversion from 'double' to 'float', possible loss of data
E:\Users\megal\source\repos\JBS3\JBS3.cpp(1552,90): warning C4244: 'argument': conversion from 'double' to 'FLOAT', possible loss of data
E:\Users\megal\source\repos\JBS3\JBS3.cpp(1552,72): warning C4244: 'argument': conversion from 'double' to 'FLOAT', possible loss of data
E:\Users\megal\source\repos\JBS3\JBS3.cpp(1552,127): warning C4244: 'argument': conversion from 'double' to 'FLOAT', possible loss of data
E:\Users\megal\source\repos\JBS3\JBS3.cpp(1552,109): warning C4244: 'argument': conversion from 'double' to 'FLOAT', possible loss of data
E:\Users\megal\source\repos\JBS3\JBS3.cpp(1559,90): warning C4244: 'argument': conversion from 'double' to 'FLOAT', possible loss of data
E:\Users\megal\source\repos\JBS3\JBS3.cpp(1559,72): warning C4244: 'argument': conversion from 'double' to 'FLOAT', possible loss of data
E:\Users\megal\source\repos\JBS3\JBS3.cpp(1559,127): warning C4244: 'argument': conversion from 'double' to 'FLOAT', possible loss of data
E:\Users\megal\source\repos\JBS3\JBS3.cpp(1559,109): warning C4244: 'argument': conversion from 'double' to 'FLOAT', possible loss of data
E:\Users\megal\source\repos\JBS3\JBS3.cpp(1564,68): warning C4244: 'argument': conversion from 'double' to 'FLOAT', possible loss of data
E:\Users\megal\source\repos\JBS3\JBS3.cpp(1564,50): warning C4244: 'argument': conversion from 'double' to 'FLOAT', possible loss of data
E:\Users\megal\source\repos\JBS3\JBS3.cpp(1565,70): warning C4244: 'argument': conversion from 'double' to 'FLOAT', possible loss of data
E:\Users\megal\source\repos\JBS3\JBS3.cpp(1565,52): warning C4244: 'argument': conversion from 'double' to 'FLOAT', possible loss of data
E:\Users\megal\source\repos\JBS3\JBS3.cpp(1569,106): warning C4244: 'argument': conversion from 'double' to 'float', possible loss of data
E:\Users\megal\source\repos\JBS3\JBS3.cpp(1590,17): warning C4244: 'argument': conversion from 'double' to 'FLOAT', possible loss of data
E:\Users\megal\source\repos\JBS3\JBS3.cpp(1603,80): warning C4244: 'argument': conversion from 'LONG_PTR' to 'double', possible loss of data
E:\Users\megal\source\repos\JBS3\JBS3.cpp(1731,45): warning C4244: 'argument': conversion from 'double' to 'FLOAT', possible loss of data
E:\Users\megal\source\repos\JBS3\JBS3.cpp(1737,104): warning C4244: 'argument': conversion from 'double' to 'FLOAT', possible loss of data
E:\Users\megal\source\repos\JBS3\JBS3.cpp(1737,86): warning C4244: 'argument': conversion from 'double' to 'FLOAT', possible loss of data
E:\Users\megal\source\repos\JBS3\JBS3.cpp(1761,98): warning C4838: conversion from 'T' to 'UINT32' requires a narrowing conversion
          with
          [
              T=int64_t
          ]
E:\Users\megal\source\repos\JBS3\JBS3.cpp(1761,98): warning C4244: 'initializing': conversion from 'T' to 'UINT32', possible loss of data
          with
          [
              T=int64_t
          ]
E:\Users\megal\source\repos\JBS3\JBS3.cpp(1761,118): warning C4838: conversion from 'T' to 'UINT32' requires a narrowing conversion
          with
          [
              T=int64_t
          ]
E:\Users\megal\source\repos\JBS3\JBS3.cpp(1761,118): warning C4244: 'initializing': conversion from 'T' to 'UINT32', possible loss of data
          with
          [
              T=int64_t
          ]
E:\Users\megal\source\repos\JBS3\JBS3.cpp(1811,153): warning C4244: 'argument': conversion from 'double' to 'FLOAT', possible loss of data
E:\Users\megal\source\repos\JBS3\JBS3.cpp(1811,135): warning C4244: 'argument': conversion from 'double' to 'FLOAT', possible loss of data
E:\Users\megal\source\repos\JBS3\JBS3.cpp(1811,117): warning C4244: 'argument': conversion from 'double' to 'FLOAT', possible loss of data
E:\Users\megal\source\repos\JBS3\JBS3.cpp(1811,99): warning C4244: 'argument': conversion from 'double' to 'FLOAT', possible loss of data
E:\Users\megal\source\repos\JBS3\JBS3.cpp(1812,9): warning C4267: 'argument': conversion from 'size_t' to 'UINT32', possible loss of data
E:\Users\megal\source\repos\JBS3\JBS3.cpp(1824,68): warning C4244: 'argument': conversion from 'double' to 'FLOAT', possible loss of data
E:\Users\megal\source\repos\JBS3\JBS3.cpp(1824,50): warning C4244: 'argument': conversion from 'double' to 'FLOAT', possible loss of data
E:\Users\megal\source\repos\JBS3\JBS3.cpp(1825,68): warning C4244: 'argument': conversion from 'double' to 'FLOAT', possible loss of data
E:\Users\megal\source\repos\JBS3\JBS3.cpp(1825,50): warning C4244: 'argument': conversion from 'double' to 'FLOAT', possible loss of data
E:\Users\megal\source\repos\JBS3\JBS3.cpp(1827,106): warning C4244: 'argument': conversion from 'double' to 'float', possible loss of data
E:\Users\megal\source\repos\JBS3\JBS3.cpp(1830,9): warning C4267: 'argument': conversion from 'size_t' to 'UINT32', possible loss of data
E:\Users\megal\source\repos\JBS3\JBS3.cpp(1837,92): warning C4244: 'argument': conversion from 'T' to 'UINT32', possible loss of data
          with
          [
              T=int64_t
          ]
E:\Users\megal\source\repos\JBS3\JBS3.cpp(1837,72): warning C4244: 'argument': conversion from 'T' to 'UINT32', possible loss of data
          with
          [
              T=int64_t
          ]
E:\Users\megal\source\repos\JBS3\JBS3.cpp(1841,88): warning C4244: 'argument': conversion from 'T' to 'UINT32', possible loss of data
          with
          [
              T=int64_t
          ]
E:\Users\megal\source\repos\JBS3\JBS3.cpp(1841,68): warning C4244: 'argument': conversion from 'T' to 'UINT32', possible loss of data
          with
          [
              T=int64_t
          ]
E:\Users\megal\source\repos\JBS3\JBS3.cpp(1919,114): warning C4244: 'argument': conversion from 'double' to 'FLOAT', possible loss of data
E:\Users\megal\source\repos\JBS3\JBS3.cpp(1919,96): warning C4244: 'argument': conversion from 'double' to 'FLOAT', possible loss of data
E:\Users\megal\source\repos\JBS3\JBS3.cpp(1919,78): warning C4244: 'argument': conversion from 'double' to 'FLOAT', possible loss of data
E:\Users\megal\source\repos\JBS3\JBS3.cpp(1919,60): warning C4244: 'argument': conversion from 'double' to 'FLOAT', possible loss of data
E:\Users\megal\source\repos\JBS3\JBS3.cpp(1919,418): warning C4244: 'argument': conversion from 'double' to 'FLOAT', possible loss of data
E:\Users\megal\source\repos\JBS3\JBS3.cpp(1919,354): warning C4244: 'argument': conversion from 'double' to 'FLOAT', possible loss of data
E:\Users\megal\source\repos\JBS3\JBS3.cpp(1919,307): warning C4244: 'argument': conversion from 'double' to 'FLOAT', possible loss of data
E:\Users\megal\source\repos\JBS3\JBS3.cpp(1919,260): warning C4244: 'argument': conversion from 'double' to 'FLOAT', possible loss of data
E:\Users\megal\source\repos\JBS3\JBS3.cpp(1919,150): warning C4244: 'argument': conversion from 'double' to 'FLOAT', possible loss of data
E:\Users\megal\source\repos\JBS3\JBS3.cpp(1951,143): warning C4244: 'argument': conversion from 'D2D1_EXTEND_MODE' to 'FLOAT', possible loss of data
E:\Users\megal\source\repos\JBS3\JBS3.cpp(1951,115): warning C4244: 'argument': conversion from 'D2D1_EXTEND_MODE' to 'FLOAT', possible loss of data
E:\Users\megal\source\repos\JBS3\JBS3.cpp(2035,458): warning C4244: 'argument': conversion from 'T' to 'FLOAT', possible loss of data
          with
          [
              T=double
          ]
E:\Users\megal\source\repos\JBS3\JBS3.cpp(2035,440): warning C4244: 'argument': conversion from 'T' to 'FLOAT', possible loss of data
          with
          [
              T=double
          ]
E:\Users\megal\source\repos\JBS3\JBS3.cpp(2035,309): warning C4244: 'argument': conversion from 'T' to 'FLOAT', possible loss of data
          with
          [
              T=double
          ]
E:\Users\megal\source\repos\JBS3\JBS3.cpp(2035,178): warning C4244: 'argument': conversion from 'T' to 'FLOAT', possible loss of data
          with
          [
              T=double
          ]
E:\Users\megal\source\repos\JBS3\JBS3.cpp(2046,198): warning C4244: 'argument': conversion from 'T' to 'FLOAT', possible loss of data
          with
          [
              T=double
          ]
E:\Users\megal\source\repos\JBS3\JBS3.cpp(2076,126): warning C4244: 'argument': conversion from 'double' to 'FLOAT', possible loss of data
E:\Users\megal\source\repos\JBS3\JBS3.cpp(2076,108): warning C4244: 'argument': conversion from 'double' to 'FLOAT', possible loss of data
E:\Users\megal\source\repos\JBS3\JBS3.cpp(2076,177): warning C4244: 'argument': conversion from 'double' to 'FLOAT', possible loss of data
E:\Users\megal\source\repos\JBS3\JBS3.cpp(2076,159): warning C4244: 'argument': conversion from 'double' to 'FLOAT', possible loss of data
E:\Users\megal\source\repos\JBS3\JBS3.cpp(2107,73): warning C4244: 'argument': conversion from 'double' to 'FLOAT', possible loss of data
E:\Users\megal\source\repos\JBS3\JBS3.cpp(2107,55): warning C4244: 'argument': conversion from 'double' to 'FLOAT', possible loss of data
E:\Users\megal\source\repos\JBS3\JBS3.cpp(2113,71): warning C4244: 'argument': conversion from 'double' to 'FLOAT', possible loss of data
E:\Users\megal\source\repos\JBS3\JBS3.cpp(2113,53): warning C4244: 'argument': conversion from 'double' to 'FLOAT', possible loss of data
E:\Users\megal\source\repos\JBS3\JBS3.cpp(2119,73): warning C4244: 'argument': conversion from 'double' to 'FLOAT', possible loss of data
E:\Users\megal\source\repos\JBS3\JBS3.cpp(2119,55): warning C4244: 'argument': conversion from 'double' to 'FLOAT', possible loss of data
E:\Users\megal\source\repos\JBS3\JBS3.cpp(2120,71): warning C4244: 'argument': conversion from 'double' to 'FLOAT', possible loss of data
E:\Users\megal\source\repos\JBS3\JBS3.cpp(2120,53): warning C4244: 'argument': conversion from 'double' to 'FLOAT', possible loss of data
E:\Users\megal\source\repos\JBS3\JBS3.cpp(2137,126): warning C4244: 'argument': conversion from 'double' to 'FLOAT', possible loss of data
E:\Users\megal\source\repos\JBS3\JBS3.cpp(2137,108): warning C4244: 'argument': conversion from 'double' to 'FLOAT', possible loss of data
E:\Users\megal\source\repos\JBS3\JBS3.cpp(2137,177): warning C4244: 'argument': conversion from 'double' to 'FLOAT', possible loss of data
E:\Users\megal\source\repos\JBS3\JBS3.cpp(2137,159): warning C4244: 'argument': conversion from 'double' to 'FLOAT', possible loss of data
E:\Users\megal\source\repos\JBS3\JBS3.cpp(2137,214): warning C4244: 'argument': conversion from 'double' to 'FLOAT', possible loss of data
E:\Users\megal\source\repos\JBS3\JBS3.cpp(2137,196): warning C4244: 'argument': conversion from 'double' to 'FLOAT', possible loss of data
E:\Users\megal\source\repos\JBS3\JBS3.cpp(2176,69): warning C4244: 'argument': conversion from 'double' to 'FLOAT', possible loss of data
E:\Users\megal\source\repos\JBS3\JBS3.cpp(2176,51): warning C4244: 'argument': conversion from 'double' to 'FLOAT', possible loss of data
E:\Users\megal\source\repos\JBS3\JBS3.cpp(2182,83): warning C4244: 'argument': conversion from 'double' to 'FLOAT', possible loss of data
E:\Users\megal\source\repos\JBS3\JBS3.cpp(2182,65): warning C4244: 'argument': conversion from 'double' to 'FLOAT', possible loss of data
E:\Users\megal\source\repos\JBS3\JBS3.cpp(2188,38): warning C4244: 'argument': conversion from 'double' to 'FLOAT', possible loss of data
E:\Users\megal\source\repos\JBS3\JBS3.cpp(2194,38): warning C4244: 'argument': conversion from 'double' to 'FLOAT', possible loss of data
E:\Users\megal\source\repos\JBS3\JBS3.cpp(2200,38): warning C4244: 'argument': conversion from 'double' to 'FLOAT', possible loss of data
E:\Users\megal\source\repos\JBS3\JBS3.cpp(2201,38): warning C4244: 'argument': conversion from 'double' to 'FLOAT', possible loss of data
E:\Users\megal\source\repos\JBS3\JBS3.cpp(2293,68): warning C4244: 'argument': conversion from 'double' to 'FLOAT', possible loss of data
E:\Users\megal\source\repos\JBS3\JBS3.cpp(2293,50): warning C4244: 'argument': conversion from 'double' to 'FLOAT', possible loss of data
E:\Users\megal\source\repos\JBS3\JBS3.cpp(2294,68): warning C4244: 'argument': conversion from 'double' to 'FLOAT', possible loss of data
E:\Users\megal\source\repos\JBS3\JBS3.cpp(2294,50): warning C4244: 'argument': conversion from 'double' to 'FLOAT', possible loss of data
E:\Users\megal\source\repos\JBS3\JBS3.cpp(2295,105): warning C4244: 'argument': conversion from 'double' to 'float', possible loss of data
E:\Users\megal\source\repos\JBS3\JBS3.cpp(2296,142): warning C4244: 'argument': conversion from 'double' to 'FLOAT', possible loss of data
E:\Users\megal\source\repos\JBS3\JBS3.cpp(2296,124): warning C4244: 'argument': conversion from 'double' to 'FLOAT', possible loss of data
E:\Users\megal\source\repos\JBS3\JBS3.cpp(2296,184): warning C4244: 'argument': conversion from 'double' to 'FLOAT', possible loss of data
E:\Users\megal\source\repos\JBS3\JBS3.cpp(2303,137): warning C4244: 'argument': conversion from 'double' to 'FLOAT', possible loss of data
E:\Users\megal\source\repos\JBS3\JBS3.cpp(2303,119): warning C4244: 'argument': conversion from 'double' to 'FLOAT', possible loss of data
E:\Users\megal\source\repos\JBS3\JBS3.cpp(2303,101): warning C4244: 'argument': conversion from 'double' to 'FLOAT', possible loss of data
E:\Users\megal\source\repos\JBS3\JBS3.cpp(2303,83): warning C4244: 'argument': conversion from 'double' to 'FLOAT', possible loss of data
E:\Users\megal\source\repos\JBS3\JBS3.cpp(2303,174): warning C4244: 'argument': conversion from 'double' to 'FLOAT', possible loss of data
E:\Users\megal\source\repos\JBS3\JBS3.cpp(2303,156): warning C4244: 'argument': conversion from 'double' to 'FLOAT', possible loss of data
E:\Users\megal\source\repos\JBS3\JBS3.cpp(2303,217): warning C4244: 'argument': conversion from 'double' to 'FLOAT', possible loss of data
E:\Users\megal\source\repos\JBS3\JBS3.cpp(2310,137): warning C4244: 'argument': conversion from 'double' to 'FLOAT', possible loss of data
E:\Users\megal\source\repos\JBS3\JBS3.cpp(2310,119): warning C4244: 'argument': conversion from 'double' to 'FLOAT', possible loss of data
E:\Users\megal\source\repos\JBS3\JBS3.cpp(2310,101): warning C4244: 'argument': conversion from 'double' to 'FLOAT', possible loss of data
E:\Users\megal\source\repos\JBS3\JBS3.cpp(2310,83): warning C4244: 'argument': conversion from 'double' to 'FLOAT', possible loss of data
E:\Users\megal\source\repos\JBS3\JBS3.cpp(2310,174): warning C4244: 'argument': conversion from 'double' to 'FLOAT', possible loss of data
E:\Users\megal\source\repos\JBS3\JBS3.cpp(2310,156): warning C4244: 'argument': conversion from 'double' to 'FLOAT', possible loss of data
E:\Users\megal\source\repos\JBS3\JBS3.cpp(2316,68): warning C4244: 'argument': conversion from 'double' to 'FLOAT', possible loss of data
E:\Users\megal\source\repos\JBS3\JBS3.cpp(2316,50): warning C4244: 'argument': conversion from 'double' to 'FLOAT', possible loss of data
E:\Users\megal\source\repos\JBS3\JBS3.cpp(2317,68): warning C4244: 'argument': conversion from 'double' to 'FLOAT', possible loss of data
E:\Users\megal\source\repos\JBS3\JBS3.cpp(2317,50): warning C4244: 'argument': conversion from 'double' to 'FLOAT', possible loss of data
E:\Users\megal\source\repos\JBS3\JBS3.cpp(2318,105): warning C4244: 'argument': conversion from 'double' to 'float', possible loss of data
E:\Users\megal\source\repos\JBS3\JBS3.cpp(2319,139): warning C4244: 'argument': conversion from 'double' to 'FLOAT', possible loss of data
E:\Users\megal\source\repos\JBS3\JBS3.cpp(2319,121): warning C4244: 'argument': conversion from 'double' to 'FLOAT', possible loss of data
E:\Users\megal\source\repos\JBS3\JBS3.cpp(2336,73): warning C4244: 'argument': conversion from 'double' to 'FLOAT', possible loss of data
E:\Users\megal\source\repos\JBS3\JBS3.cpp(2336,55): warning C4244: 'argument': conversion from 'double' to 'FLOAT', possible loss of data
E:\Users\megal\source\repos\JBS3\JBS3.cpp(2336,124): warning C4244: 'argument': conversion from 'double' to 'FLOAT', possible loss of data
E:\Users\megal\source\repos\JBS3\JBS3.cpp(2336,106): warning C4244: 'argument': conversion from 'double' to 'FLOAT', possible loss of data
E:\Users\megal\source\repos\JBS3\JBS3.cpp(2336,167): warning C4244: 'argument': conversion from 'double' to 'FLOAT', possible loss of data
E:\Users\megal\source\repos\JBS3\JBS3.cpp(2344,68): warning C4244: 'argument': conversion from 'double' to 'FLOAT', possible loss of data
E:\Users\megal\source\repos\JBS3\JBS3.cpp(2344,50): warning C4244: 'argument': conversion from 'double' to 'FLOAT', possible loss of data
E:\Users\megal\source\repos\JBS3\JBS3.cpp(2345,68): warning C4244: 'argument': conversion from 'double' to 'FLOAT', possible loss of data
E:\Users\megal\source\repos\JBS3\JBS3.cpp(2345,50): warning C4244: 'argument': conversion from 'double' to 'FLOAT', possible loss of data
E:\Users\megal\source\repos\JBS3\JBS3.cpp(2346,31): warning C4244: 'initializing': conversion from 'double' to 'float', possible loss of data
E:\Users\megal\source\repos\JBS3\JBS3.cpp(2347,92): warning C4244: 'argument': conversion from 'double' to 'float', possible loss of data
E:\Users\megal\source\repos\JBS3\JBS3.cpp(2356,110): warning C4244: 'argument': conversion from 'double' to 'FLOAT', possible loss of data
E:\Users\megal\source\repos\JBS3\JBS3.cpp(2356,92): warning C4244: 'argument': conversion from 'double' to 'FLOAT', possible loss of data
E:\Users\megal\source\repos\JBS3\JBS3.cpp(2356,74): warning C4244: 'argument': conversion from 'double' to 'FLOAT', possible loss of data
E:\Users\megal\source\repos\JBS3\JBS3.cpp(2356,56): warning C4244: 'argument': conversion from 'double' to 'FLOAT', possible loss of data
E:\Users\megal\source\repos\JBS3\JBS3.cpp(2361,126): warning C4244: 'argument': conversion from 'double' to 'FLOAT', possible loss of data
E:\Users\megal\source\repos\JBS3\JBS3.cpp(2361,91): warning C4244: 'argument': conversion from 'double' to 'FLOAT', possible loss of data
E:\Users\megal\source\repos\JBS3\JBS3.cpp(2361,73): warning C4244: 'argument': conversion from 'double' to 'FLOAT', possible loss of data
E:\Users\megal\source\repos\JBS3\JBS3.cpp(2361,55): warning C4244: 'argument': conversion from 'double' to 'FLOAT', possible loss of data
E:\Users\megal\source\repos\JBS3\JBS3.cpp(2384,11): warning C4244: 'argument': conversion from 'T' to 'DWORD', possible loss of data
          with
          [
              T=int64_t
          ]
E:\Users\megal\source\repos\JBS3\JBS3.cpp(2421,78): warning C4244: 'argument': conversion from 'LONG_PTR' to 'double', possible loss of data
E:\Users\megal\source\repos\JBS3\JBS3.cpp(2474,256): warning C4244: 'argument': conversion from 'T' to 'UINT', possible loss of data
          with
          [
              T=int64_t
          ]
E:\Users\megal\source\repos\JBS3\JBS3.cpp(2474,236): warning C4244: 'argument': conversion from 'T' to 'int', possible loss of data
          with
          [
              T=int64_t
          ]
E:\Users\megal\source\repos\JBS3\JBS3.cpp(2474,216): warning C4244: 'argument': conversion from 'T' to 'int', possible loss of data
          with
          [
              T=int64_t
          ]
E:\Users\megal\source\repos\JBS3\JBS3.cpp(2474,196): warning C4244: 'argument': conversion from 'T' to 'int', possible loss of data
          with
          [
              T=int64_t
          ]
E:\Users\megal\source\repos\JBS3\JBS3.cpp(2474,176): warning C4244: 'argument': conversion from 'T' to 'int', possible loss of data
          with
          [
              T=int64_t
          ]
E:\Users\megal\source\repos\JBS3\JBS3.cpp(2474,131): warning C4244: 'argument': conversion from 'T' to 'int', possible loss of data
          with
          [
              T=int64_t
          ]
E:\Users\megal\source\repos\JBS3\JBS3.cpp(2474,111): warning C4244: 'argument': conversion from 'T' to 'int', possible loss of data
          with
          [
              T=int64_t
          ]
E:\Users\megal\source\repos\JBS3\JBS3.cpp(2474,91): warning C4244: 'argument': conversion from 'T' to 'int', possible loss of data
          with
          [
              T=int64_t
          ]
E:\Users\megal\source\repos\JBS3\JBS3.cpp(2474,71): warning C4244: 'argument': conversion from 'T' to 'int', possible loss of data
          with
          [
              T=int64_t
          ]
E:\Users\megal\source\repos\JBS3\JBS3.cpp(2482,31): warning C4244: '=': conversion from 'T' to 'BYTE', possible loss of data
          with
          [
              T=int64_t
          ]
E:\Users\megal\source\repos\JBS3\JBS3.cpp(2483,23): warning C4244: '=': conversion from 'T' to 'BYTE', possible loss of data
          with
          [
              T=int64_t
          ]
E:\Users\megal\source\repos\JBS3\JBS3.cpp(2485,232): warning C4244: 'argument': conversion from 'T' to 'int', possible loss of data
          with
          [
              T=int64_t
          ]
E:\Users\megal\source\repos\JBS3\JBS3.cpp(2485,212): warning C4244: 'argument': conversion from 'T' to 'int', possible loss of data
          with
          [
              T=int64_t
          ]
E:\Users\megal\source\repos\JBS3\JBS3.cpp(2485,192): warning C4244: 'argument': conversion from 'T' to 'int', possible loss of data
          with
          [
              T=int64_t
          ]
E:\Users\megal\source\repos\JBS3\JBS3.cpp(2485,172): warning C4244: 'argument': conversion from 'T' to 'int', possible loss of data
          with
          [
              T=int64_t
          ]
E:\Users\megal\source\repos\JBS3\JBS3.cpp(2485,127): warning C4244: 'argument': conversion from 'T' to 'int', possible loss of data
          with
          [
              T=int64_t
          ]
E:\Users\megal\source\repos\JBS3\JBS3.cpp(2485,107): warning C4244: 'argument': conversion from 'T' to 'int', possible loss of data
          with
          [
              T=int64_t
          ]
E:\Users\megal\source\repos\JBS3\JBS3.cpp(2485,87): warning C4244: 'argument': conversion from 'T' to 'int', possible loss of data
          with
          [
              T=int64_t
          ]
E:\Users\megal\source\repos\JBS3\JBS3.cpp(2485,67): warning C4244: 'argument': conversion from 'T' to 'int', possible loss of data
          with
          [
              T=int64_t
          ]
E:\Users\megal\source\repos\JBS3\JBS3.cpp(2491,79): warning C4244: 'argument': conversion from 'T' to 'int', possible loss of data
          with
          [
              T=int64_t
          ]
E:\Users\megal\source\repos\JBS3\JBS3.cpp(2491,59): warning C4244: 'argument': conversion from 'T' to 'int', possible loss of data
          with
          [
              T=int64_t
          ]
E:\Users\megal\source\repos\JBS3\JBS3.cpp(2502,99): warning C4244: 'argument': conversion from 'T' to 'COLORREF', possible loss of data
          with
          [
              T=int64_t
          ]
E:\Users\megal\source\repos\JBS3\JBS3.cpp(2502,79): warning C4244: 'argument': conversion from 'T' to 'int', possible loss of data
          with
          [
              T=int64_t
          ]
E:\Users\megal\source\repos\JBS3\JBS3.cpp(2502,59): warning C4244: 'argument': conversion from 'T' to 'int', possible loss of data
          with
          [
              T=int64_t
          ]
E:\Users\megal\source\repos\JBS3\JBS3.cpp(2516,127): warning C4244: 'argument': conversion from 'T' to 'COLORREF', possible loss of data
          with
          [
              T=int64_t
          ]
E:\Users\megal\source\repos\JBS3\JBS3.cpp(2516,107): warning C4244: 'argument': conversion from 'T' to 'int', possible loss of data
          with
          [
              T=int64_t
          ]
E:\Users\megal\source\repos\JBS3\JBS3.cpp(2516,87): warning C4244: 'argument': conversion from 'T' to 'int', possible loss of data
          with
          [
              T=int64_t
          ]
E:\Users\megal\source\repos\JBS3\JBS3.cpp(2537,74): warning C4244: 'argument': conversion from 'T' to 'int', possible loss of data
          with
          [
              T=int64_t
          ]
E:\Users\megal\source\repos\JBS3\JBS3.cpp(2544,68): warning C4244: 'argument': conversion from 'T' to 'UINT', possible loss of data
          with
          [
              T=int64_t
          ]
E:\Users\megal\source\repos\JBS3\JBS3.cpp(2551,150): warning C4244: 'argument': conversion from 'T' to 'UINT', possible loss of data
          with
          [
              T=int64_t
          ]
E:\Users\megal\source\repos\JBS3\JBS3.cpp(2551,130): warning C4244: 'argument': conversion from 'T' to 'int', possible loss of data
          with
          [
              T=int64_t
          ]
E:\Users\megal\source\repos\JBS3\JBS3.cpp(2551,110): warning C4244: 'argument': conversion from 'T' to 'int', possible loss of data
          with
          [
              T=int64_t
          ]
E:\Users\megal\source\repos\JBS3\JBS3.cpp(2551,90): warning C4244: 'argument': conversion from 'T' to 'int', possible loss of data
          with
          [
              T=int64_t
          ]
E:\Users\megal\source\repos\JBS3\JBS3.cpp(2551,70): warning C4244: 'argument': conversion from 'T' to 'int', possible loss of data
          with
          [
              T=int64_t
          ]
E:\Users\megal\source\repos\JBS3\JBS3.cpp(2558,74): warning C4244: 'argument': conversion from 'LONG_PTR' to 'double', possible loss of data
E:\Users\megal\source\repos\JBS3\JBS3.cpp(2565,77): warning C4244: 'argument': conversion from 'LONG_PTR' to 'double', possible loss of data
E:\Users\megal\source\repos\JBS3\JBS3.cpp(2582,60): warning C4244: 'argument': conversion from 'LONG_PTR' to 'double', possible loss of data
E:\Users\megal\source\repos\JBS3\JBS3.cpp(2602,13): warning C4244: 'initializing': conversion from 'T' to 'int', possible loss of data
          with
          [
              T=int64_t
          ]
E:\Users\megal\source\repos\JBS3\JBS3.cpp(2607,28): warning C4244: 'argument': conversion from 'T' to 'DWORD', possible loss of data
          with
          [
              T=int64_t
          ]
E:\Users\megal\source\repos\JBS3\JBS3.cpp(2614,77): warning C4244: 'argument': conversion from 'T' to 'DWORD', possible loss of data
          with
          [
              T=int64_t
          ]
E:\Users\megal\source\repos\JBS3\JBS3.cpp(2614,57): warning C4244: 'argument': conversion from 'T' to 'DWORD', possible loss of data
          with
          [
              T=int64_t
          ]
E:\Users\megal\source\repos\JBS3\JBS3.cpp(2614,37): warning C4244: 'argument': conversion from 'T' to 'DWORD', possible loss of data
          with
          [
              T=int64_t
          ]
E:\Users\megal\source\repos\JBS3\JBS3.cpp(2614,17): warning C4244: 'argument': conversion from 'T' to 'DWORD', possible loss of data
          with
          [
              T=int64_t
          ]
E:\Users\megal\source\repos\JBS3\JBS3.cpp(2655,1): warning C4005: 'GetProperty': macro redefinition
E:\Users\megal\source\repos\JBS3\JBS3.cpp(952,1): message : see previous definition of 'GetProperty'
E:\Users\megal\source\repos\JBS3\JBS3.cpp(2657,18): warning C4244: 'initializing': conversion from 'T' to 'int', possible loss of data
          with
          [
              T=int64_t
          ]
E:\Users\megal\source\repos\JBS3\JBS3.cpp(2658,19): warning C4244: 'initializing': conversion from 'T' to 'int', possible loss of data
          with
          [
              T=int64_t
          ]
E:\Users\megal\source\repos\JBS3\JBS3.cpp(2662,21): warning C4244: 'initializing': conversion from 'T' to 'int', possible loss of data
          with
          [
              T=int64_t
          ]
E:\Users\megal\source\repos\JBS3\JBS3.cpp(2674,25): warning C4244: 'initializing': conversion from 'T' to 'long', possible loss of data
          with
          [
              T=int64_t
          ]
E:\Users\megal\source\repos\JBS3\JBS3.cpp(2675,25): warning C4244: 'initializing': conversion from 'T' to 'long', possible loss of data
          with
          [
              T=int64_t
          ]
E:\Users\megal\source\repos\JBS3\JBS3.cpp(2678,38): warning C4244: '=': conversion from 'float' to 'long', possible loss of data
E:\Users\megal\source\repos\JBS3\JBS3.cpp(2681,38): warning C4244: '=': conversion from 'float' to 'long', possible loss of data
E:\Users\megal\source\repos\JBS3\JBS3.cpp(2686,38): warning C4244: '=': conversion from 'T' to 'DWORD', possible loss of data
          with
          [
              T=int64_t
          ]
E:\Users\megal\source\repos\JBS3\JBS3.cpp(2707,63): warning C4244: 'argument': conversion from 'ULONG_PTR' to 'double', possible loss of data
E:\Users\megal\source\repos\JBS3\JBS3.cpp(2714,73): warning C4244: 'argument': conversion from 'LONG_PTR' to 'double', possible loss of data
E:\Users\megal\source\repos\JBS3\JBS3.cpp(2721,81): warning C4244: 'argument': conversion from 'LONG_PTR' to 'double', possible loss of data
E:\Users\megal\source\repos\JBS3\JBS3.cpp(2728,184): warning C4244: 'argument': conversion from 'T' to 'UINT', possible loss of data
          with
          [
              T=int64_t
          ]
E:\Users\megal\source\repos\JBS3\JBS3.cpp(2728,164): warning C4244: 'argument': conversion from 'T' to 'int', possible loss of data
          with
          [
              T=int64_t
          ]
E:\Users\megal\source\repos\JBS3\JBS3.cpp(2728,144): warning C4244: 'argument': conversion from 'T' to 'int', possible loss of data
          with
          [
              T=int64_t
          ]
E:\Users\megal\source\repos\JBS3\JBS3.cpp(2728,124): warning C4244: 'argument': conversion from 'T' to 'UINT', possible loss of data
          with
          [
              T=int64_t
          ]
E:\Users\megal\source\repos\JBS3\JBS3.cpp(2728,72): warning C4244: 'argument': conversion from 'LONG_PTR' to 'double', possible loss of data
E:\Users\megal\source\repos\JBS3\JBS3.cpp(2735,71): warning C4244: 'argument': conversion from 'LONG_PTR' to 'double', possible loss of data
E:\Users\megal\source\repos\JBS3\JBS3.cpp(2742,81): warning C4244: 'argument': conversion from 'LONG_PTR' to 'double', possible loss of data
E:\Users\megal\source\repos\JBS3\JBS3.cpp(2756,77): warning C4244: 'argument': conversion from 'LONG_PTR' to 'double', possible loss of data
E:\Users\megal\source\repos\JBS3\JBS3.cpp(2763,77): warning C4244: 'argument': conversion from 'LONG_PTR' to 'double', possible loss of data
E:\Users\megal\source\repos\JBS3\JBS3.cpp(2770,243): warning C4244: 'argument': conversion from 'T' to 'UINT', possible loss of data
          with
          [
              T=int64_t
          ]
E:\Users\megal\source\repos\JBS3\JBS3.cpp(2770,195): warning C4244: 'argument': conversion from 'T' to 'UINT', possible loss of data
          with
          [
              T=int64_t
          ]
E:\Users\megal\source\repos\JBS3\JBS3.cpp(2770,175): warning C4244: 'argument': conversion from 'T' to 'int', possible loss of data
          with
          [
              T=int64_t
          ]
E:\Users\megal\source\repos\JBS3\JBS3.cpp(2770,155): warning C4244: 'argument': conversion from 'T' to 'int', possible loss of data
          with
          [
              T=int64_t
          ]
E:\Users\megal\source\repos\JBS3\JBS3.cpp(2770,108): warning C4244: 'argument': conversion from 'T' to 'int', possible loss of data
          with
          [
              T=int64_t
          ]
E:\Users\megal\source\repos\JBS3\JBS3.cpp(2770,88): warning C4244: 'argument': conversion from 'T' to 'int', possible loss of data
          with
          [
              T=int64_t
          ]
E:\Users\megal\source\repos\JBS3\JBS3.cpp(2777,106): warning C4244: 'argument': conversion from 'T' to 'int', possible loss of data
          with
          [
              T=int64_t
          ]
E:\Users\megal\source\repos\JBS3\JBS3.cpp(2777,86): warning C4244: 'argument': conversion from 'T' to 'int', possible loss of data
          with
          [
              T=int64_t
          ]
E:\Users\megal\source\repos\JBS3\JBS3.cpp(2784,71): warning C4244: 'argument': conversion from 'LONG_PTR' to 'double', possible loss of data
E:\Users\megal\source\repos\JBS3\JBS3.cpp(2812,71): warning C4244: 'argument': conversion from 'LONG_PTR' to 'double', possible loss of data
E:\Users\megal\source\repos\JBS3\JBS3.cpp(2819,71): warning C4244: 'argument': conversion from 'LONG_PTR' to 'double', possible loss of data
E:\Users\megal\source\repos\JBS3\JBS3.cpp(2826,95): warning C4244: 'argument': conversion from 'T' to 'int', possible loss of data
          with
          [
              T=int64_t
          ]
E:\Users\megal\source\repos\JBS3\JBS3.cpp(2826,68): warning C4244: 'argument': conversion from 'ULONG_PTR' to 'double', possible loss of data
E:\Users\megal\source\repos\JBS3\JBS3.cpp(2833,96): warning C4244: 'argument': conversion from 'T' to 'int', possible loss of data
          with
          [
              T=int64_t
          ]
E:\Users\megal\source\repos\JBS3\JBS3.cpp(2833,69): warning C4244: 'argument': conversion from 'LONG_PTR' to 'double', possible loss of data
E:\Users\megal\source\repos\JBS3\JBS3.cpp(2840,95): warning C4244: 'argument': conversion from 'T' to 'int', possible loss of data
          with
          [
              T=int64_t
          ]
E:\Users\megal\source\repos\JBS3\JBS3.cpp(2840,68): warning C4244: 'argument': conversion from 'ULONG_PTR' to 'double', possible loss of data
E:\Users\megal\source\repos\JBS3\JBS3.cpp(2847,96): warning C4244: 'argument': conversion from 'T' to 'int', possible loss of data
          with
          [
              T=int64_t
          ]
E:\Users\megal\source\repos\JBS3\JBS3.cpp(2847,69): warning C4244: 'argument': conversion from 'LONG_PTR' to 'double', possible loss of data
E:\Users\megal\source\repos\JBS3\JBS3.cpp(2907,87): warning C4244: 'argument': conversion from 'T' to 'int', possible loss of data
          with
          [
              T=int64_t
          ]
E:\Users\megal\source\repos\JBS3\JBS3.cpp(2914,73): warning C4244: 'argument': conversion from 'LONG_PTR' to 'double', possible loss of data
E:\Users\megal\source\repos\JBS3\JBS3.cpp(2966,72): warning C4244: 'argument': conversion from 'LONG_PTR' to 'double', possible loss of data
E:\Users\megal\source\repos\JBS3\JBS3.cpp(3043,11): warning C4244: 'initializing': conversion from 'T' to 'int', possible loss of data
          with
          [
              T=int64_t
          ]
E:\Users\megal\source\repos\JBS3\JBS3.cpp(3044,11): warning C4244: 'initializing': conversion from 'T' to 'int', possible loss of data
          with
          [
              T=int64_t
          ]
E:\Users\megal\source\repos\JBS3\JBS3.cpp(3045,15): warning C4244: 'initializing': conversion from 'T' to 'int', possible loss of data
          with
          [
              T=int64_t
          ]
E:\Users\megal\source\repos\JBS3\JBS3.cpp(3046,16): warning C4244: 'initializing': conversion from 'T' to 'int', possible loss of data
          with
          [
              T=int64_t
          ]
E:\Users\megal\source\repos\JBS3\JBS3.cpp(3056,1): warning C4005: 'GetProperty': macro redefinition
E:\Users\megal\source\repos\JBS3\JBS3.cpp(2655,1): message : see previous definition of 'GetProperty'
E:\Users\megal\source\repos\JBS3\JBS3.cpp(3092,20): warning C4244: '=': conversion from 'T' to 'UINT', possible loss of data
          with
          [
              T=int64_t
          ]
E:\Users\megal\source\repos\JBS3\JBS3.cpp(3122,13): warning C4244: 'argument': conversion from 'T' to 'DWORD', possible loss of data
          with
          [
              T=int64_t
          ]
E:\Users\megal\source\repos\JBS3\JBS3.cpp(3118,37): warning C4244: 'argument': conversion from 'T' to 'DWORD', possible loss of data
          with
          [
              T=int64_t
          ]
E:\Users\megal\source\repos\JBS3\JBS3.cpp(3168,66): warning C4244: 'argument': conversion from 'LONG_PTR' to 'double', possible loss of data
E:\Users\megal\source\repos\JBS3\JBS3.cpp(3218,97): warning C4244: 'argument': conversion from 'T' to 'DWORD', possible loss of data
          with
          [
              T=int64_t
          ]
E:\Users\megal\source\repos\JBS3\JBS3.cpp(3218,37): warning C4244: 'argument': conversion from 'T' to 'DWORD', possible loss of data
          with
          [
              T=int64_t
          ]
E:\Users\megal\source\repos\JBS3\JBS3.cpp(3219,66): warning C4244: 'argument': conversion from 'LONG_PTR' to 'double', possible loss of data
E:\Users\megal\source\repos\JBS3\JBS3.cpp(3228,121): warning C4244: 'argument': conversion from 'T' to 'UINT', possible loss of data
          with
          [
              T=int64_t
          ]
E:\Users\megal\source\repos\JBS3\JBS3.cpp(3235,97): warning C4244: 'argument': conversion from 'T' to 'BOOL', possible loss of data
          with
          [
              T=int64_t
          ]
E:\Users\megal\source\repos\JBS3\JBS3.cpp(3242,89): warning C4244: 'argument': conversion from 'T' to 'int', possible loss of data
          with
          [
              T=int64_t
          ]
E:\Users\megal\source\repos\JBS3\JBS3.cpp(3256,91): warning C4244: 'argument': conversion from 'T' to 'BOOL', possible loss of data
          with
          [
              T=int64_t
          ]
E:\Users\megal\source\repos\JBS3\JBS3.cpp(3263,90): warning C4244: 'argument': conversion from 'T' to 'UINT', possible loss of data
          with
          [
              T=int64_t
          ]
E:\Users\megal\source\repos\JBS3\JBS3.cpp(3263,63): warning C4244: 'argument': conversion from 'LRESULT' to 'double', possible loss of data
E:\Users\megal\source\repos\JBS3\JBS3.cpp(3289,1): warning C4005: 'SetProperty': macro redefinition
E:\Users\megal\source\repos\JBS3\JBS3.cpp(981,1): message : see previous definition of 'SetProperty'
E:\Users\megal\source\repos\JBS3\JBS3.cpp(3291,85): warning C4244: 'argument': conversion from 'T' to 'int', possible loss of data
          with
          [
              T=int64_t
          ]
E:\Users\megal\source\repos\JBS3\JBS3.cpp(3291,65): warning C4244: 'argument': conversion from 'T' to 'int', possible loss of data
          with
          [
              T=int64_t
          ]
E:\Users\megal\source\repos\JBS3\JBS3.cpp(3291,45): warning C4244: 'argument': conversion from 'T' to 'int', possible loss of data
          with
          [
              T=int64_t
          ]
E:\Users\megal\source\repos\JBS3\JBS3.cpp(3291,25): warning C4244: 'argument': conversion from 'T' to 'int', possible loss of data
          with
          [
              T=int64_t
          ]
E:\Users\megal\source\repos\JBS3\JBS3.cpp(3305,85): warning C4244: 'argument': conversion from 'T' to 'int', possible loss of data
          with
          [
              T=int64_t
          ]
E:\Users\megal\source\repos\JBS3\JBS3.cpp(3312,69): warning C4244: 'argument': conversion from 'T' to 'int', possible loss of data
          with
          [
              T=int64_t
          ]
E:\Users\megal\source\repos\JBS3\JBS3.cpp(3319,130): warning C4244: 'argument': conversion from 'T' to 'int', possible loss of data
          with
          [
              T=int64_t
          ]
E:\Users\megal\source\repos\JBS3\JBS3.cpp(3319,110): warning C4244: 'argument': conversion from 'T' to 'int', possible loss of data
          with
          [
              T=int64_t
          ]
E:\Users\megal\source\repos\JBS3\JBS3.cpp(3319,84): warning C4244: 'argument': conversion from 'LONG_PTR' to 'double', possible loss of data
E:\Users\megal\source\repos\JBS3\JBS3.cpp(3326,80): warning C4244: 'argument': conversion from 'LONG_PTR' to 'double', possible loss of data
E:\Users\megal\source\repos\JBS3\JBS3.cpp(3333,70): warning C4244: 'argument': conversion from 'LONG_PTR' to 'double', possible loss of data
E:\Users\megal\source\repos\JBS3\JBS3.cpp(3369,78): warning C4244: 'argument': conversion from 'LONG_PTR' to 'double', possible loss of data
E:\Users\megal\source\repos\JBS3\JBS3.cpp(3376,135): warning C4244: 'argument': conversion from 'T' to 'UINT', possible loss of data
          with
          [
              T=int64_t
          ]
E:\Users\megal\source\repos\JBS3\JBS3.cpp(3376,95): warning C4244: 'argument': conversion from 'T' to 'int', possible loss of data
          with
          [
              T=int64_t
          ]
E:\Users\megal\source\repos\JBS3\JBS3.cpp(3376,75): warning C4244: 'argument': conversion from 'T' to 'int', possible loss of data
          with
          [
              T=int64_t
          ]
E:\Users\megal\source\repos\JBS3\JBS3.cpp(3376,74): warning C4244: 'argument': conversion from 'LONG_PTR' to 'double', possible loss of data
E:\Users\megal\source\repos\JBS3\JBS3.cpp(3391,23): warning C4018: '<': signed/unsigned mismatch
E:\Users\megal\source\repos\JBS3\JBS3.cpp(3407,1): warning C4267: 'argument': conversion from 'size_t' to 'int', possible loss of data
E:\Users\megal\source\repos\JBS3\JBS3.cpp(3421,29): warning C4244: '=': conversion from 'T' to 'LONG', possible loss of data
          with
          [
              T=int64_t
          ]
E:\Users\megal\source\repos\JBS3\JBS3.cpp(3422,30): warning C4244: '=': conversion from 'T' to 'LONG', possible loss of data
          with
          [
              T=int64_t
          ]
E:\Users\megal\source\repos\JBS3\JBS3.cpp(3425,35): warning C4244: '=': conversion from 'T' to 'DWORD', possible loss of data
          with
          [
              T=int64_t
          ]
E:\Users\megal\source\repos\JBS3\JBS3.cpp(3426,46): warning C4267: '=': conversion from 'size_t' to 'DWORD', possible loss of data
E:\Users\megal\source\repos\JBS3\JBS3.cpp(3428,262): warning C4244: 'argument': conversion from 'T' to 'DWORD', possible loss of data
          with
          [
              T=int64_t
          ]
E:\Users\megal\source\repos\JBS3\JBS3.cpp(3428,210): warning C4244: 'argument': conversion from 'T' to 'int', possible loss of data
          with
          [
              T=int64_t
          ]
E:\Users\megal\source\repos\JBS3\JBS3.cpp(3428,190): warning C4244: 'argument': conversion from 'T' to 'int', possible loss of data
          with
          [
              T=int64_t
          ]
E:\Users\megal\source\repos\JBS3\JBS3.cpp(3428,170): warning C4244: 'argument': conversion from 'T' to 'int', possible loss of data
          with
          [
              T=int64_t
          ]
E:\Users\megal\source\repos\JBS3\JBS3.cpp(3428,150): warning C4244: 'argument': conversion from 'T' to 'int', possible loss of data
          with
          [
              T=int64_t
          ]
E:\Users\megal\source\repos\JBS3\JBS3.cpp(3428,130): warning C4244: 'argument': conversion from 'T' to 'int', possible loss of data
          with
          [
              T=int64_t
          ]
E:\Users\megal\source\repos\JBS3\JBS3.cpp(3428,110): warning C4244: 'argument': conversion from 'T' to 'int', possible loss of data
          with
          [
              T=int64_t
          ]
E:\Users\megal\source\repos\JBS3\JBS3.cpp(3428,90): warning C4244: 'argument': conversion from 'T' to 'int', possible loss of data
          with
          [
              T=int64_t
          ]
E:\Users\megal\source\repos\JBS3\JBS3.cpp(3428,70): warning C4244: 'argument': conversion from 'T' to 'int', possible loss of data
          with
          [
              T=int64_t
          ]
E:\Users\megal\source\repos\JBS3\JBS3.cpp(3435,164): warning C4244: 'argument': conversion from 'T' to 'DWORD', possible loss of data
          with
          [
              T=int64_t
          ]
E:\Users\megal\source\repos\JBS3\JBS3.cpp(3435,144): warning C4244: 'argument': conversion from 'T' to 'int', possible loss of data
          with
          [
              T=int64_t
          ]
E:\Users\megal\source\repos\JBS3\JBS3.cpp(3435,124): warning C4244: 'argument': conversion from 'T' to 'int', possible loss of data
          with
          [
              T=int64_t
          ]
E:\Users\megal\source\repos\JBS3\JBS3.cpp(3435,104): warning C4244: 'argument': conversion from 'T' to 'int', possible loss of data
          with
          [
              T=int64_t
          ]
E:\Users\megal\source\repos\JBS3\JBS3.cpp(3435,84): warning C4244: 'argument': conversion from 'T' to 'int', possible loss of data
          with
          [
              T=int64_t
          ]
E:\Users\megal\source\repos\JBS3\JBS3.cpp(3442,80): warning C4244: 'argument': conversion from 'LONG_PTR' to 'double', possible loss of data
E:\Users\megal\source\repos\JBS3\JBS3.cpp(3449,99): warning C4244: 'argument': conversion from 'T' to 'COLORREF', possible loss of data
          with
          [
              T=int64_t
          ]
E:\Users\megal\source\repos\JBS3\JBS3.cpp(3449,79): warning C4244: 'argument': conversion from 'T' to 'int', possible loss of data
          with
          [
              T=int64_t
          ]
E:\Users\megal\source\repos\JBS3\JBS3.cpp(3449,78): warning C4244: 'argument': conversion from 'LONG_PTR' to 'double', possible loss of data
E:\Users\megal\source\repos\JBS3\JBS3.cpp(3456,300): warning C4244: 'argument': conversion from 'T' to 'DWORD', possible loss of data
          with
          [
              T=int64_t
          ]
E:\Users\megal\source\repos\JBS3\JBS3.cpp(3456,279): warning C4244: 'argument': conversion from 'T' to 'int', possible loss of data
          with
          [
              T=int64_t
          ]
E:\Users\megal\source\repos\JBS3\JBS3.cpp(3456,259): warning C4244: 'argument': conversion from 'T' to 'int', possible loss of data
          with
          [
              T=int64_t
          ]
E:\Users\megal\source\repos\JBS3\JBS3.cpp(3456,210): warning C4244: 'argument': conversion from 'T' to 'int', possible loss of data
          with
          [
              T=int64_t
          ]
E:\Users\megal\source\repos\JBS3\JBS3.cpp(3456,190): warning C4244: 'argument': conversion from 'T' to 'int', possible loss of data
          with
          [
              T=int64_t
          ]
E:\Users\megal\source\repos\JBS3\JBS3.cpp(3456,145): warning C4244: 'argument': conversion from 'T' to 'int', possible loss of data
          with
          [
              T=int64_t
          ]
E:\Users\megal\source\repos\JBS3\JBS3.cpp(3456,125): warning C4244: 'argument': conversion from 'T' to 'int', possible loss of data
          with
          [
              T=int64_t
          ]
E:\Users\megal\source\repos\JBS3\JBS3.cpp(3456,105): warning C4244: 'argument': conversion from 'T' to 'int', possible loss of data
          with
          [
              T=int64_t
          ]
E:\Users\megal\source\repos\JBS3\JBS3.cpp(3456,85): warning C4244: 'argument': conversion from 'T' to 'int', possible loss of data
          with
          [
              T=int64_t
          ]
E:\Users\megal\source\repos\JBS3\JBS3.cpp(3484,55): warning C4244: 'argument': conversion from 'LONG_PTR' to 'uint32_t', possible loss of data
E:\Users\megal\source\repos\JBS3\JBS3.cpp(3489,112): warning C4244: 'argument': conversion from 'LONG_PTR' to 'double', possible loss of data
E:\Users\megal\source\repos\JBS3\JBS3.cpp(3505,1): warning C4005: 'GetIntProperty': macro redefinition
E:\Users\megal\source\repos\JBS3\JBS3.cpp(951,1): message : see previous definition of 'GetIntProperty'
E:\Users\megal\source\repos\JBS3\JBS3.cpp(3506,1): warning C4005: 'GetProperty': macro redefinition
E:\Users\megal\source\repos\JBS3\JBS3.cpp(3056,1): message : see previous definition of 'GetProperty'
E:\Users\megal\source\repos\JBS3\JBS3.cpp(3509,19): warning C4244: '=': conversion from 'T' to 'LONG', possible loss of data
          with
          [
              T=int64_t
          ]
E:\Users\megal\source\repos\JBS3\JBS3.cpp(3510,20): warning C4244: '=': conversion from 'T' to 'LONG', possible loss of data
          with
          [
              T=int64_t
          ]
E:\Users\megal\source\repos\JBS3\JBS3.cpp(3511,24): warning C4244: '=': conversion from 'T' to 'LONG', possible loss of data
          with
          [
              T=int64_t
          ]
E:\Users\megal\source\repos\JBS3\JBS3.cpp(3512,20): warning C4244: '=': conversion from 'T' to 'WORD', possible loss of data
          with
          [
              T=int64_t
          ]
E:\Users\megal\source\repos\JBS3\JBS3.cpp(3513,23): warning C4244: '=': conversion from 'T' to 'WORD', possible loss of data
          with
          [
              T=int64_t
          ]
E:\Users\megal\source\repos\JBS3\JBS3.cpp(3526,81): warning C4267: 'argument': conversion from 'size_t' to 'uint32_t', possible loss of data
E:\Users\megal\source\repos\JBS3\JBS3.cpp(3526,152): warning C4244: '=': conversion from 'T' to 'BYTE', possible loss of data
          with
          [
              T=int64_t
          ]
E:\Users\megal\source\repos\JBS3\JBS3.cpp(3530,82): warning C4244: 'argument': conversion from 'LONG_PTR' to 'double', possible loss of data
E:\Users\megal\source\repos\JBS3\JBS3.cpp(3556,55): warning C4244: 'argument': conversion from 'LONG_PTR' to 'uint32_t', possible loss of data
E:\Users\megal\source\repos\JBS3\JBS3.cpp(3561,111): warning C4244: 'argument': conversion from 'LONG_PTR' to 'double', possible loss of data
E:\Users\megal\source\repos\JBS3\JBS3.cpp(3589,89): warning C4244: 'argument': conversion from 'LONG_PTR' to 'double', possible loss of data
E:\Users\megal\source\repos\JBS3\JBS3.cpp(3607,33): warning C4244: '=': conversion from 'T' to 'LONG', possible loss of data
          with
          [
              T=int64_t
          ]
E:\Users\megal\source\repos\JBS3\JBS3.cpp(3608,34): warning C4244: '=': conversion from 'T' to 'LONG', possible loss of data
          with
          [
              T=int64_t
          ]
E:\Users\megal\source\repos\JBS3\JBS3.cpp(3609,34): warning C4244: '=': conversion from 'T' to 'WORD', possible loss of data
          with
          [
              T=int64_t
          ]
E:\Users\megal\source\repos\JBS3\JBS3.cpp(3610,36): warning C4244: '=': conversion from 'T' to 'WORD', possible loss of data
          with
          [
              T=int64_t
          ]
E:\Users\megal\source\repos\JBS3\JBS3.cpp(3611,39): warning C4244: '=': conversion from 'T' to 'DWORD', possible loss of data
          with
          [
              T=int64_t
          ]
E:\Users\megal\source\repos\JBS3\JBS3.cpp(3612,37): warning C4244: '=': conversion from 'T' to 'DWORD', possible loss of data
          with
          [
              T=int64_t
          ]
E:\Users\megal\source\repos\JBS3\JBS3.cpp(3613,41): warning C4244: '=': conversion from 'T' to 'LONG', possible loss of data
          with
          [
              T=int64_t
          ]
E:\Users\megal\source\repos\JBS3\JBS3.cpp(3614,41): warning C4244: '=': conversion from 'T' to 'LONG', possible loss of data
          with
          [
              T=int64_t
          ]
E:\Users\megal\source\repos\JBS3\JBS3.cpp(3615,35): warning C4244: '=': conversion from 'T' to 'DWORD', possible loss of data
          with
          [
              T=int64_t
          ]
E:\Users\megal\source\repos\JBS3\JBS3.cpp(3616,40): warning C4244: '=': conversion from 'T' to 'DWORD', possible loss of data
          with
          [
              T=int64_t
          ]
E:\Users\megal\source\repos\JBS3\JBS3.cpp(3628,114): warning C4244: 'argument': conversion from 'T' to 'UINT', possible loss of data
          with
          [
              T=int64_t
          ]
E:\Users\megal\source\repos\JBS3\JBS3.cpp(3628,82): warning C4244: 'argument': conversion from 'LONG_PTR' to 'double', possible loss of data
E:\Users\megal\source\repos\JBS3\JBS3.cpp(3661,96): warning C4244: 'argument': conversion from 'ULONG_PTR' to 'double', possible loss of data
E:\Users\megal\source\repos\JBS3\JBS3.cpp(3701,21): warning C4244: '=': conversion from 'T' to 'UINT', possible loss of data
          with
          [
              T=int64_t
          ]
E:\Users\megal\source\repos\JBS3\JBS3.cpp(3705,14): warning C4838: conversion from 'T' to 'LONG' requires a narrowing conversion
          with
          [
              T=int64_t
          ]
E:\Users\megal\source\repos\JBS3\JBS3.cpp(3705,14): warning C4244: 'initializing': conversion from 'T' to 'LONG', possible loss of data
          with
          [
              T=int64_t
          ]
E:\Users\megal\source\repos\JBS3\JBS3.cpp(3705,117): warning C4838: conversion from 'T' to 'LONG' requires a narrowing conversion
          with
          [
              T=int64_t
          ]
E:\Users\megal\source\repos\JBS3\JBS3.cpp(3705,117): warning C4244: 'initializing': conversion from 'T' to 'LONG', possible loss of data
          with
          [
              T=int64_t
          ]
E:\Users\megal\source\repos\JBS3\JBS3.cpp(3708,21): warning C4244: '=': conversion from 'T' to 'COLORREF', possible loss of data
          with
          [
              T=int64_t
          ]
E:\Users\megal\source\repos\JBS3\JBS3.cpp(3710,79): warning C4244: 'argument': conversion from 'LONG_PTR' to 'double', possible loss of data
E:\Users\megal\source\repos\JBS3\JBS3.cpp(3723,94): warning C4244: 'argument': conversion from 'ULONG_PTR' to 'double', possible loss of data
E:\Users\megal\source\repos\JBS3\JBS3.cpp(3735,21): warning C4244: '=': conversion from 'T' to 'UINT', possible loss of data
          with
          [
              T=int64_t
          ]
E:\Users\megal\source\repos\JBS3\JBS3.cpp(3736,21): warning C4244: '=': conversion from 'T' to 'COLORREF', possible loss of data
          with
          [
              T=int64_t
          ]
E:\Users\megal\source\repos\JBS3\JBS3.cpp(3739,81): warning C4244: 'argument': conversion from 'LONG_PTR' to 'double', possible loss of data
E:\Users\megal\source\repos\JBS3\JBS3.cpp(3779,104): warning C4244: 'argument': conversion from 'LONG_PTR' to 'double', possible loss of data
E:\Users\megal\source\repos\JBS3\JBS3.cpp(3780,105): warning C4244: 'argument': conversion from 'LONG_PTR' to 'double', possible loss of data
E:\Users\megal\source\repos\JBS3\JBS3.cpp(3792,16): warning C4244: '=': conversion from 'T' to 'BOOL', possible loss of data
          with
          [
              T=int64_t
          ]
E:\Users\megal\source\repos\JBS3\JBS3.cpp(3793,19): warning C4244: '=': conversion from 'T' to 'DWORD', possible loss of data
          with
          [
              T=int64_t
          ]
E:\Users\megal\source\repos\JBS3\JBS3.cpp(3794,19): warning C4244: '=': conversion from 'T' to 'DWORD', possible loss of data
          with
          [
              T=int64_t
          ]
E:\Users\megal\source\repos\JBS3\JBS3.cpp(3798,80): warning C4244: 'argument': conversion from 'LONG_PTR' to 'double', possible loss of data
E:\Users\megal\source\repos\JBS3\JBS3.cpp(3805,114): warning C4244: 'argument': conversion from 'T' to 'DWORD', possible loss of data
          with
          [
              T=int64_t
          ]
E:\Users\megal\source\repos\JBS3\JBS3.cpp(3841,178): warning C4244: 'argument': conversion from 'T' to 'DWORD', possible loss of data
          with
          [
              T=int64_t
          ]
E:\Users\megal\source\repos\JBS3\JBS3.cpp(3841,158): warning C4244: 'argument': conversion from 'T' to 'BOOL', possible loss of data
          with
          [
              T=int64_t
          ]
E:\Users\megal\source\repos\JBS3\JBS3.cpp(3841,138): warning C4244: 'argument': conversion from 'T' to 'BOOL', possible loss of data
          with
          [
              T=int64_t
          ]
E:\Users\megal\source\repos\JBS3\JBS3.cpp(3841,118): warning C4244: 'argument': conversion from 'T' to 'DWORD', possible loss of data
          with
          [
              T=int64_t
          ]
E:\Users\megal\source\repos\JBS3\JBS3.cpp(3858,23): warning C4018: '<': signed/unsigned mismatch
E:\Users\megal\source\repos\JBS3\JBS3.cpp(3864,241): warning C4244: 'argument': conversion from 'T' to 'int', possible loss of data
          with
          [
              T=int64_t
          ]
E:\Users\megal\source\repos\JBS3\JBS3.cpp(3864,221): warning C4244: 'argument': conversion from 'T' to 'int', possible loss of data
          with
          [
              T=int64_t
          ]
E:\Users\megal\source\repos\JBS3\JBS3.cpp(3864,172): warning C4244: 'argument': conversion from 'T' to 'int', possible loss of data
          with
          [
              T=int64_t
          ]
E:\Users\megal\source\repos\JBS3\JBS3.cpp(3864,152): warning C4244: 'argument': conversion from 'T' to 'int', possible loss of data
          with
          [
              T=int64_t
          ]
E:\Users\megal\source\repos\JBS3\JBS3.cpp(3864,132): warning C4244: 'argument': conversion from 'T' to 'int', possible loss of data
          with
          [
              T=int64_t
          ]
E:\Users\megal\source\repos\JBS3\JBS3.cpp(3864,112): warning C4244: 'argument': conversion from 'T' to 'int', possible loss of data
          with
          [
              T=int64_t
          ]
E:\Users\megal\source\repos\JBS3\JBS3.cpp(3871,107): warning C4244: 'argument': conversion from 'T' to 'UINT', possible loss of data
          with
          [
              T=int64_t
          ]
E:\Users\megal\source\repos\JBS3\JBS3.cpp(3871,60): warning C4244: 'argument': conversion from 'UINT_PTR' to 'double', possible loss of data
E:\Users\megal\source\repos\JBS3\JBS3.cpp(3885,112): warning C4244: 'argument': conversion from 'T' to 'DWORD', possible loss of data
          with
          [
              T=int64_t
          ]
E:\Users\megal\source\repos\JBS3\JBS3.cpp(3885,92): warning C4244: 'argument': conversion from 'T' to 'DWORD', possible loss of data
          with
          [
              T=int64_t
          ]
E:\Users\megal\source\repos\JBS3\JBS3.cpp(3913,33): warning C4244: '=': conversion from 'T' to 'BYTE', possible loss of data
          with
          [
              T=int64_t
          ]
E:\Users\megal\source\repos\JBS3\JBS3.cpp(3914,25): warning C4244: '=': conversion from 'T' to 'BYTE', possible loss of data
          with
          [
              T=int64_t
          ]
E:\Users\megal\source\repos\JBS3\JBS3.cpp(3916,198): warning C4244: 'argument': conversion from 'T' to 'DWORD', possible loss of data
          with
          [
              T=int64_t
          ]
E:\Users\megal\source\repos\JBS3\JBS3.cpp(3916,170): warning C4244: 'argument': conversion from 'T' to 'COLORREF', possible loss of data
          with
          [
              T=int64_t
          ]
E:\Users\megal\source\repos\JBS3\JBS3.cpp(3932,145): warning C4244: 'argument': conversion from 'T' to 'DWORD', possible loss of data
          with
          [
              T=int64_t
          ]
E:\Users\megal\source\repos\JBS3\JBS3.cpp(3932,125): warning C4244: 'argument': conversion from 'T' to 'BYTE', possible loss of data
          with
          [
              T=int64_t
          ]
E:\Users\megal\source\repos\JBS3\JBS3.cpp(3932,105): warning C4244: 'argument': conversion from 'T' to 'COLORREF', possible loss of data
          with
          [
              T=int64_t
          ]
E:\Users\megal\source\repos\JBS3\JBS3.cpp(3969,11): warning C4244: 'initializing': conversion from 'T' to 'int', possible loss of data
          with
          [
              T=int64_t
          ]
E:\Users\megal\source\repos\JBS3\JBS3.cpp(3970,11): warning C4244: 'initializing': conversion from 'T' to 'int', possible loss of data
          with
          [
              T=int64_t
          ]
E:\Users\megal\source\repos\JBS3\JBS3.cpp(3971,15): warning C4244: 'initializing': conversion from 'T' to 'int', possible loss of data
          with
          [
              T=int64_t
          ]
E:\Users\megal\source\repos\JBS3\JBS3.cpp(3972,16): warning C4244: 'initializing': conversion from 'T' to 'int', possible loss of data
          with
          [
              T=int64_t
          ]
E:\Users\megal\source\repos\JBS3\JBS3.cpp(3973,15): warning C4244: 'initializing': conversion from 'T' to 'int', possible loss of data
          with
          [
              T=int64_t
          ]
E:\Users\megal\source\repos\JBS3\JBS3.cpp(3975,39): warning C4244: '=': conversion from 'double' to 'LONG', possible loss of data
E:\Users\megal\source\repos\JBS3\JBS3.cpp(3976,39): warning C4244: '=': conversion from 'double' to 'LONG', possible loss of data
E:\Users\megal\source\repos\JBS3\JBS3.cpp(3977,43): warning C4244: '=': conversion from 'double' to 'LONG', possible loss of data
E:\Users\megal\source\repos\JBS3\JBS3.cpp(3978,43): warning C4244: '=': conversion from 'double' to 'LONG', possible loss of data
E:\Users\megal\source\repos\JBS3\JBS3.cpp(3979,39): warning C4244: '=': conversion from 'double' to 'LONG', possible loss of data
E:\Users\megal\source\repos\JBS3\JBS3.cpp(3980,39): warning C4244: '=': conversion from 'double' to 'LONG', possible loss of data
E:\Users\megal\source\repos\JBS3\JBS3.cpp(3981,182): warning C4244: 'argument': conversion from 'T' to 'int', possible loss of data
          with
          [
              T=int64_t
          ]
E:\Users\megal\source\repos\JBS3\JBS3.cpp(3981,162): warning C4244: 'argument': conversion from 'T' to 'int', possible loss of data
          with
          [
              T=int64_t
          ]
E:\Users\megal\source\repos\JBS3\JBS3.cpp(3996,93): warning C4244: 'argument': conversion from 'T' to 'int', possible loss of data
          with
          [
              T=int64_t
          ]
E:\Users\megal\source\repos\JBS3\JBS3.cpp(4010,88): warning C4244: 'argument': conversion from 'T' to 'int', possible loss of data
          with
          [
              T=int64_t
          ]
E:\Users\megal\source\repos\JBS3\JBS3.cpp(4039,18): warning C4244: '=': conversion from 'double' to 'FLOAT', possible loss of data
E:\Users\megal\source\repos\JBS3\JBS3.cpp(4040,18): warning C4244: '=': conversion from 'double' to 'FLOAT', possible loss of data
E:\Users\megal\source\repos\JBS3\JBS3.cpp(4041,18): warning C4244: '=': conversion from 'double' to 'FLOAT', possible loss of data
E:\Users\megal\source\repos\JBS3\JBS3.cpp(4042,18): warning C4244: '=': conversion from 'double' to 'FLOAT', possible loss of data
E:\Users\megal\source\repos\JBS3\JBS3.cpp(4043,17): warning C4244: '=': conversion from 'double' to 'FLOAT', possible loss of data
E:\Users\megal\source\repos\JBS3\JBS3.cpp(4044,17): warning C4244: '=': conversion from 'double' to 'FLOAT', possible loss of data
E:\Users\megal\source\repos\JBS3\JBS3.cpp(4054,136): warning C4244: 'argument': conversion from 'T' to 'DWORD', possible loss of data
          with
          [
              T=int64_t
          ]
E:\Users\megal\source\repos\JBS3\JBS3.cpp(4059,22): warning C4244: '=': conversion from 'double' to 'FLOAT', possible loss of data
E:\Users\megal\source\repos\JBS3\JBS3.cpp(4060,22): warning C4244: '=': conversion from 'double' to 'FLOAT', possible loss of data
E:\Users\megal\source\repos\JBS3\JBS3.cpp(4061,22): warning C4244: '=': conversion from 'double' to 'FLOAT', possible loss of data
E:\Users\megal\source\repos\JBS3\JBS3.cpp(4062,22): warning C4244: '=': conversion from 'double' to 'FLOAT', possible loss of data
E:\Users\megal\source\repos\JBS3\JBS3.cpp(4063,21): warning C4244: '=': conversion from 'double' to 'FLOAT', possible loss of data
E:\Users\megal\source\repos\JBS3\JBS3.cpp(4064,21): warning C4244: '=': conversion from 'double' to 'FLOAT', possible loss of data
E:\Users\megal\source\repos\JBS3\JBS3.cpp(4065,110): warning C4244: 'argument': conversion from 'T' to 'DWORD', possible loss of data
          with
          [
              T=int64_t
          ]
E:\Users\megal\source\repos\JBS3\JBS3.cpp(4070,35): warning C4081: expected 'newline'; found ';'
E:\Users\megal\source\repos\JBS3\JBS3.cpp(4077,25): warning C4244: '=': conversion from 'T' to 'int', possible loss of data
          with
          [
              T=int64_t
          ]
E:\Users\megal\source\repos\JBS3\JBS3.cpp(4078,25): warning C4244: '=': conversion from 'T' to 'int', possible loss of data
          with
          [
              T=int64_t
          ]
E:\Users\megal\source\repos\JBS3\JBS3.cpp(4079,26): warning C4244: '=': conversion from 'T' to 'int', possible loss of data
          with
          [
              T=int64_t
          ]
E:\Users\megal\source\repos\JBS3\JBS3.cpp(4080,28): warning C4244: '=': conversion from 'T' to 'int', possible loss of data
          with
          [
              T=int64_t
          ]
E:\Users\megal\source\repos\JBS3\JBS3.cpp(4109,70): warning C4244: 'argument': conversion from 'LONG_PTR' to 'double', possible loss of data
E:\Users\megal\source\repos\JBS3\JBS3.cpp(4538,1): warning C4005: 'MAKEINTRESOURCE': macro redefinition
D:\Windows Kits\10\Include\10.0.22621.0\um\winuser.h(238,1): message : see previous definition of 'MAKEINTRESOURCE'
E:\Users\megal\source\repos\JBS3\JBS3.cpp(4592,77): warning C4244: 'argument': conversion from '__int64' to 'double', possible loss of data
E:\Users\megal\source\repos\JBS3\JBS3.cpp(5082,136): warning C4267: 'argument': conversion from 'size_t' to 'int', possible loss of data
E:\Users\megal\source\repos\JBS3\JBS3.cpp(5128,143): warning C4267: 'argument': conversion from 'size_t' to 'int', possible loss of data
E:\Users\megal\source\repos\JBS3\JBS3.cpp(4959,1): warning C4102: 'https': unreferenced label
E:\Users\megal\source\repos\JBS3\JBS3.cpp(5218,64): warning C4244: 'argument': conversion from 'LONG_PTR' to 'double', possible loss of data
E:\Users\megal\source\repos\JBS3\JBS3.cpp(5218,120): warning C4244: 'argument': conversion from 'WPARAM' to 'double', possible loss of data
E:\Users\megal\source\repos\JBS3\JBS3.cpp(5218,146): warning C4244: 'argument': conversion from 'LPARAM' to 'double', possible loss of data
     Creating library E:\Users\megal\source\repos\JBS3\x64\Release\JBS3.lib and object E:\Users\megal\source\repos\JBS3\x64\Release\JBS3.exp
  Generating code
  1 of 1523 functions (<0.1%) were compiled, the rest were copied from previous compilation.
    0 functions were new in current compilation
    7 functions had inline decision re-evaluated but remain unchanged
  Finished generating code
  JBS3.vcxproj -> E:\Users\megal\source\repos\JBS3\x64\Release\JBS3.exe
